srun: Job step aborted: Waiting up to 32 seconds for job step to finish.
slurmstepd: error: *** STEP 14320592.0 ON r520c02n04 CANCELLED AT 2024-09-02T17:14:21 ***
slurmstepd: error: *** JOB 14320592 ON r520c02n04 CANCELLED AT 2024-09-02T17:14:21 ***
forrtl: error (78): process killed (SIGTERM)
Image              PC                Routine            Line        Source             
pw.x               00000000010704DB  Unknown               Unknown  Unknown
libpthread-2.28.s  0000153561B9FCF0  Unknown               Unknown  Unknown
libmpi.so.12.0.0   000015356245D8BC  Unknown               Unknown  Unknown
libmpi.so.12.0.0   0000153562451F47  Unknown               Unknown  Unknown
libmpi.so.12.0.0   0000153562376188  Unknown               Unknown  Unknown
libmpi.so.12.0.0   000015356234ACA5  Unknown               Unknown  Unknown
libmpi.so.12.0.0   000015356232A7EC  Unknown               Unknown  Unknown
libmpi.so.12.0.0   000015356246D605  Unknown               Unknown  Unknown
libmpi.so.12.0.0   0000153562304664  MPI_Barrier           Unknown  Unknown
libmpifort.so.12.  0000153563ACC27C  PMPI_BARRIER          Unknown  Unknown
pw.x               0000000000FC3039  reduce_base_real_          60  mp_base.f90
pw.x               0000000000FAE5D7  mp_mp_mp_sum_cm_         1758  mp.f90
pw.x               0000000000A34C0D  becmod_mp_calbec_         253  becmod.f90
pw.x               0000000000A3124E  becmod_mp_calbec_         118  becmod.f90
pw.x               0000000000812FB5  stres_us_                  78  stres_us.f90
pw.x               000000000080F933  stres_knl_                125  stres_knl.f90
pw.x               00000000005C9778  stress_                   153  stress.f90
pw.x               000000000058F6D4  run_pwscf_                233  run_pwscf.f90
pw.x               0000000000408043  MAIN__                     85  pwscf.f90
pw.x               0000000000407EA2  Unknown               Unknown  Unknown
libc-2.28.so       0000153561048575  __libc_start_main     Unknown  Unknown
pw.x               0000000000407DAE  Unknown               Unknown  Unknown
forrtl: error (78): process killed (SIGTERM)
Image              PC                Routine            Line        Source             
pw.x               00000000010704DB  Unknown               Unknown  Unknown
libpthread-2.28.s  00001511B5C65CF0  Unknown               Unknown  Unknown
libmpi.so.12.0.0   00001511B65238BC  Unknown               Unknown  Unknown
libmpi.so.12.0.0   00001511B6517F47  Unknown               Unknown  Unknown
libmpi.so.12.0.0   00001511B643C188  Unknown               Unknown  Unknown
libmpi.so.12.0.0   00001511B6410CA5  Unknown               Unknown  Unknown
libmpi.so.12.0.0   00001511B63F07EC  Unknown               Unknown  Unknown
libmpi.so.12.0.0   00001511B6533605  Unknown               Unknown  Unknown
libmpi.so.12.0.0   00001511B63CA664  MPI_Barrier           Unknown  Unknown
libmpifort.so.12.  00001511B7B9227C  PMPI_BARRIER          Unknown  Unknown
pw.x               0000000000FC3039  reduce_base_real_          60  mp_base.f90
pw.x               0000000000FAE5D7  mp_mp_mp_sum_cm_         1758  mp.f90
pw.x               0000000000A34C0D  becmod_mp_calbec_         253  becmod.f90
pw.x               0000000000A3124E  becmod_mp_calbec_         118  becmod.f90
pw.x               0000000000812FB5  stres_us_                  78  stres_us.f90
pw.x               000000000080F933  stres_knl_                125  stres_knl.f90
pw.x               00000000005C9778  stress_                   153  stress.f90
pw.x               000000000058F6D4  run_pwscf_                233  run_pwscf.f90
pw.x               0000000000408043  MAIN__                     85  pwscf.f90
pw.x               0000000000407EA2  Unknown               Unknown  Unknown
libc-2.28.so       00001511B510E575  __libc_start_main     Unknown  Unknown
pw.x               0000000000407DAE  Unknown               Unknown  Unknown
forrtl: error (78): process killed (SIGTERM)
Image              PC                Routine            Line        Source             
pw.x               00000000010704DB  Unknown               Unknown  Unknown
libpthread-2.28.s  000014592EF8DCF0  Unknown               Unknown  Unknown
libmpi.so.12.0.0   000014592F84B8BC  Unknown               Unknown  Unknown
libmpi.so.12.0.0   000014592F83FF47  Unknown               Unknown  Unknown
libmpi.so.12.0.0   000014592F764188  Unknown               Unknown  Unknown
libmpi.so.12.0.0   000014592F738CA5  Unknown               Unknown  Unknown
libmpi.so.12.0.0   000014592F7187EC  Unknown               Unknown  Unknown
libmpi.so.12.0.0   000014592F85B605  Unknown               Unknown  Unknown
libmpi.so.12.0.0   000014592F6F2664  MPI_Barrier           Unknown  Unknown
libmpifort.so.12.  0000145930EBA27C  PMPI_BARRIER          Unknown  Unknown
pw.x               0000000000FC3039  reduce_base_real_          60  mp_base.f90
pw.x               0000000000FAE5D7  mp_mp_mp_sum_cm_         1758  mp.f90
pw.x               0000000000A34C0D  becmod_mp_calbec_         253  becmod.f90
pw.x               0000000000A3124E  becmod_mp_calbec_         118  becmod.f90
pw.x               0000000000812FB5  stres_us_                  78  stres_us.f90
pw.x               000000000080F933  stres_knl_                125  stres_knl.f90
pw.x               00000000005C9778  stress_                   153  stress.f90
pw.x               000000000058F6D4  run_pwscf_                233  run_pwscf.f90
pw.x               0000000000408043  MAIN__                     85  pwscf.f90
pw.x               0000000000407EA2  Unknown               Unknown  Unknown
libc-2.28.so       000014592E436575  __libc_start_main     Unknown  Unknown
pw.x               0000000000407DAE  Unknown               Unknown  Unknown
forrtl: error (78): process killed (SIGTERM)
Image              PC                Routine            Line        Source             
pw.x               00000000010704DB  Unknown               Unknown  Unknown
libpthread-2.28.s  0000151E2FBB2CF0  Unknown               Unknown  Unknown
libmpi.so.12.0.0   0000151E304708BC  Unknown               Unknown  Unknown
libmpi.so.12.0.0   0000151E30464F47  Unknown               Unknown  Unknown
libmpi.so.12.0.0   0000151E30389188  Unknown               Unknown  Unknown
libmpi.so.12.0.0   0000151E3035DCA5  Unknown               Unknown  Unknown
libmpi.so.12.0.0   0000151E3033D7EC  Unknown               Unknown  Unknown
libmpi.so.12.0.0   0000151E30480605  Unknown               Unknown  Unknown
libmpi.so.12.0.0   0000151E30317664  MPI_Barrier           Unknown  Unknown
libmpifort.so.12.  0000151E31ADF27C  PMPI_BARRIER          Unknown  Unknown
pw.x               0000000000FC3039  reduce_base_real_          60  mp_base.f90
pw.x               0000000000FAE5D7  mp_mp_mp_sum_cm_         1758  mp.f90
pw.x               0000000000A34C0D  becmod_mp_calbec_         253  becmod.f90
pw.x               0000000000A3124E  becmod_mp_calbec_         118  becmod.f90
pw.x               0000000000812FB5  stres_us_                  78  stres_us.f90
pw.x               000000000080F933  stres_knl_                125  stres_knl.f90
pw.x               00000000005C9778  stress_                   153  stress.f90
pw.x               000000000058F6D4  run_pwscf_                233  run_pwscf.f90
pw.x               0000000000408043  MAIN__                     85  pwscf.f90
pw.x               0000000000407EA2  Unknown               Unknown  Unknown
libc-2.28.so       0000151E2F05B575  __libc_start_main     Unknown  Unknown
pw.x               0000000000407DAE  Unknown               Unknown  Unknown
forrtl: error (78): process killed (SIGTERM)
Image              PC                Routine            Line        Source             
pw.x               00000000010704DB  Unknown               Unknown  Unknown
libpthread-2.28.s  000014818B79ACF0  Unknown               Unknown  Unknown
libmpi.so.12.0.0   000014818C0588BC  Unknown               Unknown  Unknown
libmpi.so.12.0.0   000014818C04CF47  Unknown               Unknown  Unknown
libmpi.so.12.0.0   000014818BF71188  Unknown               Unknown  Unknown
libmpi.so.12.0.0   000014818BF45CA5  Unknown               Unknown  Unknown
libmpi.so.12.0.0   000014818BF257EC  Unknown               Unknown  Unknown
libmpi.so.12.0.0   000014818C068605  Unknown               Unknown  Unknown
libmpi.so.12.0.0   000014818BEFF664  MPI_Barrier           Unknown  Unknown
libmpifort.so.12.  000014818D6C727C  PMPI_BARRIER          Unknown  Unknown
pw.x               0000000000FC3039  reduce_base_real_          60  mp_base.f90
pw.x               0000000000FAE5D7  mp_mp_mp_sum_cm_         1758  mp.f90
pw.x               0000000000A34C0D  becmod_mp_calbec_         253  becmod.f90
pw.x               0000000000A3124E  becmod_mp_calbec_         118  becmod.f90
pw.x               0000000000812FB5  stres_us_                  78  stres_us.f90
pw.x               000000000080F933  stres_knl_                125  stres_knl.f90
pw.x               00000000005C9778  stress_                   153  stress.f90
pw.x               000000000058F6D4  run_pwscf_                233  run_pwscf.f90
pw.x               0000000000408043  MAIN__                     85  pwscf.f90
pw.x               0000000000407EA2  Unknown               Unknown  Unknown
libc-2.28.so       000014818AC43575  __libc_start_main     Unknown  Unknown
pw.x               0000000000407DAE  Unknown               Unknown  Unknown
forrtl: error (78): process killed (SIGTERM)
Image              PC                Routine            Line        Source             
pw.x               00000000010704DB  Unknown               Unknown  Unknown
libpthread-2.28.s  000014B4ACAA1CF0  Unknown               Unknown  Unknown
libmpi.so.12.0.0   000014B4AD35F8BC  Unknown               Unknown  Unknown
libmpi.so.12.0.0   000014B4AD353F47  Unknown               Unknown  Unknown
libmpi.so.12.0.0   000014B4AD278188  Unknown               Unknown  Unknown
libmpi.so.12.0.0   000014B4AD24CCA5  Unknown               Unknown  Unknown
libmpi.so.12.0.0   000014B4AD22C7EC  Unknown               Unknown  Unknown
libmpi.so.12.0.0   000014B4AD36F605  Unknown               Unknown  Unknown
libmpi.so.12.0.0   000014B4AD206664  MPI_Barrier           Unknown  Unknown
libmpifort.so.12.  000014B4AE9CE27C  PMPI_BARRIER          Unknown  Unknown
pw.x               0000000000FC3039  reduce_base_real_          60  mp_base.f90
pw.x               0000000000FAE5D7  mp_mp_mp_sum_cm_         1758  mp.f90
pw.x               0000000000A34C0D  becmod_mp_calbec_         253  becmod.f90
pw.x               0000000000A3124E  becmod_mp_calbec_         118  becmod.f90
pw.x               0000000000812FB5  stres_us_                  78  stres_us.f90
pw.x               000000000080F933  stres_knl_                125  stres_knl.f90
pw.x               00000000005C9778  stress_                   153  stress.f90
pw.x               000000000058F6D4  run_pwscf_                233  run_pwscf.f90
pw.x               0000000000408043  MAIN__                     85  pwscf.f90
pw.x               0000000000407EA2  Unknown               Unknown  Unknown
libc-2.28.so       000014B4ABF4A575  __libc_start_main     Unknown  Unknown
pw.x               0000000000407DAE  Unknown               Unknown  Unknown
forrtl: error (78): process killed (SIGTERM)
Image              PC                Routine            Line        Source             
pw.x               00000000010704DB  Unknown               Unknown  Unknown
libpthread-2.28.s  000014BAF6C0CCF0  Unknown               Unknown  Unknown
libmpi.so.12.0.0   000014BAF74CA8C1  Unknown               Unknown  Unknown
libmpi.so.12.0.0   000014BAF74BEF47  Unknown               Unknown  Unknown
libmpi.so.12.0.0   000014BAF73E3188  Unknown               Unknown  Unknown
libmpi.so.12.0.0   000014BAF73B7CA5  Unknown               Unknown  Unknown
libmpi.so.12.0.0   000014BAF73977EC  Unknown               Unknown  Unknown
libmpi.so.12.0.0   000014BAF74DA605  Unknown               Unknown  Unknown
libmpi.so.12.0.0   000014BAF7371664  MPI_Barrier           Unknown  Unknown
libmpifort.so.12.  000014BAF8B3927C  PMPI_BARRIER          Unknown  Unknown
pw.x               0000000000FC3039  reduce_base_real_          60  mp_base.f90
pw.x               0000000000FAE5D7  mp_mp_mp_sum_cm_         1758  mp.f90
pw.x               0000000000A34C0D  becmod_mp_calbec_         253  becmod.f90
pw.x               0000000000A3124E  becmod_mp_calbec_         118  becmod.f90
pw.x               0000000000812FB5  stres_us_                  78  stres_us.f90
pw.x               000000000080F933  stres_knl_                125  stres_knl.f90
pw.x               00000000005C9778  stress_                   153  stress.f90
pw.x               000000000058F6D4  run_pwscf_                233  run_pwscf.f90
pw.x               0000000000408043  MAIN__                     85  pwscf.f90
pw.x               0000000000407EA2  Unknown               Unknown  Unknown
libc-2.28.so       000014BAF60B5575  __libc_start_main     Unknown  Unknown
pw.x               0000000000407DAE  Unknown               Unknown  Unknown
forrtl: error (78): process killed (SIGTERM)
Image              PC                Routine            Line        Source             
pw.x               00000000010704DB  Unknown               Unknown  Unknown
libpthread-2.28.s  000014BEF265ECF0  Unknown               Unknown  Unknown
libmpi.so.12.0.0   000014BEF2F1C806  Unknown               Unknown  Unknown
libmpi.so.12.0.0   000014BEF2F10F47  Unknown               Unknown  Unknown
libmpi.so.12.0.0   000014BEF2E35188  Unknown               Unknown  Unknown
libmpi.so.12.0.0   000014BEF2E09CA5  Unknown               Unknown  Unknown
libmpi.so.12.0.0   000014BEF2DE97EC  Unknown               Unknown  Unknown
libmpi.so.12.0.0   000014BEF2F2C605  Unknown               Unknown  Unknown
libmpi.so.12.0.0   000014BEF2DC3664  MPI_Barrier           Unknown  Unknown
libmpifort.so.12.  000014BEF458B27C  PMPI_BARRIER          Unknown  Unknown
pw.x               0000000000FC3039  reduce_base_real_          60  mp_base.f90
pw.x               0000000000FAE5D7  mp_mp_mp_sum_cm_         1758  mp.f90
pw.x               0000000000A34C0D  becmod_mp_calbec_         253  becmod.f90
pw.x               0000000000A3124E  becmod_mp_calbec_         118  becmod.f90
pw.x               0000000000812FB5  stres_us_                  78  stres_us.f90
pw.x               000000000080F933  stres_knl_                125  stres_knl.f90
pw.x               00000000005C9778  stress_                   153  stress.f90
pw.x               000000000058F6D4  run_pwscf_                233  run_pwscf.f90
pw.x               0000000000408043  MAIN__                     85  pwscf.f90
pw.x               0000000000407EA2  Unknown               Unknown  Unknown
libc-2.28.so       000014BEF1B07575  __libc_start_main     Unknown  Unknown
pw.x               0000000000407DAE  Unknown               Unknown  Unknown
forrtl: error (78): process killed (SIGTERM)
Image              PC                Routine            Line        Source             
pw.x               00000000010704DB  Unknown               Unknown  Unknown
libpthread-2.28.s  000014E369F3FCF0  Unknown               Unknown  Unknown
libmpi.so.12.0.0   000014E36A7FD8BC  Unknown               Unknown  Unknown
libmpi.so.12.0.0   000014E36A7F1F47  Unknown               Unknown  Unknown
libmpi.so.12.0.0   000014E36A716188  Unknown               Unknown  Unknown
libmpi.so.12.0.0   000014E36A6EACA5  Unknown               Unknown  Unknown
libmpi.so.12.0.0   000014E36A6CA7EC  Unknown               Unknown  Unknown
libmpi.so.12.0.0   000014E36A80D605  Unknown               Unknown  Unknown
libmpi.so.12.0.0   000014E36A6A4664  MPI_Barrier           Unknown  Unknown
libmpifort.so.12.  000014E36BE6C27C  PMPI_BARRIER          Unknown  Unknown
pw.x               0000000000FC3039  reduce_base_real_          60  mp_base.f90
pw.x               0000000000FAE5D7  mp_mp_mp_sum_cm_         1758  mp.f90
pw.x               0000000000A34C0D  becmod_mp_calbec_         253  becmod.f90
pw.x               0000000000A3124E  becmod_mp_calbec_         118  becmod.f90
pw.x               0000000000812FB5  stres_us_                  78  stres_us.f90
pw.x               000000000080F933  stres_knl_                125  stres_knl.f90
pw.x               00000000005C9778  stress_                   153  stress.f90
pw.x               000000000058F6D4  run_pwscf_                233  run_pwscf.f90
pw.x               0000000000408043  MAIN__                     85  pwscf.f90
pw.x               0000000000407EA2  Unknown               Unknown  Unknown
libc-2.28.so       000014E3693E8575  __libc_start_main     Unknown  Unknown
pw.x               0000000000407DAE  Unknown               Unknown  Unknown
forrtl: error (78): process killed (SIGTERM)
Image              PC                Routine            Line        Source             
pw.x               00000000010704DB  Unknown               Unknown  Unknown
libpthread-2.28.s  000014BC970CCCF0  Unknown               Unknown  Unknown
libmpi.so.12.0.0   000014BC9798A8BC  Unknown               Unknown  Unknown
libmpi.so.12.0.0   000014BC9797EF47  Unknown               Unknown  Unknown
libmpi.so.12.0.0   000014BC978A3188  Unknown               Unknown  Unknown
libmpi.so.12.0.0   000014BC97877CA5  Unknown               Unknown  Unknown
libmpi.so.12.0.0   000014BC978577EC  Unknown               Unknown  Unknown
libmpi.so.12.0.0   000014BC9799A605  Unknown               Unknown  Unknown
libmpi.so.12.0.0   000014BC97831664  MPI_Barrier           Unknown  Unknown
libmpifort.so.12.  000014BC98FF927C  PMPI_BARRIER          Unknown  Unknown
pw.x               0000000000FC3039  reduce_base_real_          60  mp_base.f90
pw.x               0000000000FAE5D7  mp_mp_mp_sum_cm_         1758  mp.f90
pw.x               0000000000A34C0D  becmod_mp_calbec_         253  becmod.f90
pw.x               0000000000A3124E  becmod_mp_calbec_         118  becmod.f90
pw.x               0000000000812FB5  stres_us_                  78  stres_us.f90
pw.x               000000000080F933  stres_knl_                125  stres_knl.f90
pw.x               00000000005C9778  stress_                   153  stress.f90
pw.x               000000000058F6D4  run_pwscf_                233  run_pwscf.f90
pw.x               0000000000408043  MAIN__                     85  pwscf.f90
pw.x               0000000000407EA2  Unknown               Unknown  Unknown
libc-2.28.so       000014BC96575575  __libc_start_main     Unknown  Unknown
pw.x               0000000000407DAE  Unknown               Unknown  Unknown
forrtl: error (78): process killed (SIGTERM)
Image              PC                Routine            Line        Source             
pw.x               00000000010704DB  Unknown               Unknown  Unknown
libpthread-2.28.s  00001460CAE38CF0  Unknown               Unknown  Unknown
libmpi.so.12.0.0   00001460CB6F68BC  Unknown               Unknown  Unknown
libmpi.so.12.0.0   00001460CB6EAF47  Unknown               Unknown  Unknown
libmpi.so.12.0.0   00001460CB60F188  Unknown               Unknown  Unknown
libmpi.so.12.0.0   00001460CB5E3CA5  Unknown               Unknown  Unknown
libmpi.so.12.0.0   00001460CB5C37EC  Unknown               Unknown  Unknown
libmpi.so.12.0.0   00001460CB706605  Unknown               Unknown  Unknown
libmpi.so.12.0.0   00001460CB59D664  MPI_Barrier           Unknown  Unknown
libmpifort.so.12.  00001460CCD6527C  PMPI_BARRIER          Unknown  Unknown
pw.x               0000000000FC3039  reduce_base_real_          60  mp_base.f90
pw.x               0000000000FAE5D7  mp_mp_mp_sum_cm_         1758  mp.f90
pw.x               0000000000A34C0D  becmod_mp_calbec_         253  becmod.f90
pw.x               0000000000A3124E  becmod_mp_calbec_         118  becmod.f90
pw.x               0000000000812FB5  stres_us_                  78  stres_us.f90
pw.x               000000000080F933  stres_knl_                125  stres_knl.f90
pw.x               00000000005C9778  stress_                   153  stress.f90
pw.x               000000000058F6D4  run_pwscf_                233  run_pwscf.f90
pw.x               0000000000408043  MAIN__                     85  pwscf.f90
pw.x               0000000000407EA2  Unknown               Unknown  Unknown
libc-2.28.so       00001460CA2E1575  __libc_start_main     Unknown  Unknown
pw.x               0000000000407DAE  Unknown               Unknown  Unknown
forrtl: error (78): process killed (SIGTERM)
Image              PC                Routine            Line        Source             
pw.x               00000000010704DB  Unknown               Unknown  Unknown
libpthread-2.28.s  00001531F74BFCF0  Unknown               Unknown  Unknown
libmpi.so.12.0.0   00001531F7D7D8BC  Unknown               Unknown  Unknown
libmpi.so.12.0.0   00001531F7D71F47  Unknown               Unknown  Unknown
libmpi.so.12.0.0   00001531F7C96188  Unknown               Unknown  Unknown
libmpi.so.12.0.0   00001531F7C6ACA5  Unknown               Unknown  Unknown
libmpi.so.12.0.0   00001531F7C4A7EC  Unknown               Unknown  Unknown
libmpi.so.12.0.0   00001531F7D8D605  Unknown               Unknown  Unknown
libmpi.so.12.0.0   00001531F7C24664  MPI_Barrier           Unknown  Unknown
libmpifort.so.12.  00001531F93EC27C  PMPI_BARRIER          Unknown  Unknown
pw.x               0000000000FC3039  reduce_base_real_          60  mp_base.f90
pw.x               0000000000FAE5D7  mp_mp_mp_sum_cm_         1758  mp.f90
pw.x               0000000000A34C0D  becmod_mp_calbec_         253  becmod.f90
pw.x               0000000000A3124E  becmod_mp_calbec_         118  becmod.f90
pw.x               0000000000812FB5  stres_us_                  78  stres_us.f90
pw.x               000000000080F933  stres_knl_                125  stres_knl.f90
pw.x               00000000005C9778  stress_                   153  stress.f90
pw.x               000000000058F6D4  run_pwscf_                233  run_pwscf.f90
pw.x               0000000000408043  MAIN__                     85  pwscf.f90
pw.x               0000000000407EA2  Unknown               Unknown  Unknown
libc-2.28.so       00001531F6968575  __libc_start_main     Unknown  Unknown
pw.x               0000000000407DAE  Unknown               Unknown  Unknown
forrtl: error (78): process killed (SIGTERM)
Image              PC                Routine            Line        Source             
pw.x               00000000010704DB  Unknown               Unknown  Unknown
libpthread-2.28.s  00001550B364DCF0  Unknown               Unknown  Unknown
libmpi.so.12.0.0   00001550B3F0B8BC  Unknown               Unknown  Unknown
libmpi.so.12.0.0   00001550B3EFFF47  Unknown               Unknown  Unknown
libmpi.so.12.0.0   00001550B3E24188  Unknown               Unknown  Unknown
libmpi.so.12.0.0   00001550B3DF8CA5  Unknown               Unknown  Unknown
libmpi.so.12.0.0   00001550B3DD87EC  Unknown               Unknown  Unknown
libmpi.so.12.0.0   00001550B3F1B605  Unknown               Unknown  Unknown
libmpi.so.12.0.0   00001550B3DB2664  MPI_Barrier           Unknown  Unknown
libmpifort.so.12.  00001550B557A27C  PMPI_BARRIER          Unknown  Unknown
pw.x               0000000000FC3039  reduce_base_real_          60  mp_base.f90
pw.x               0000000000FAE5D7  mp_mp_mp_sum_cm_         1758  mp.f90
pw.x               0000000000A34C0D  becmod_mp_calbec_         253  becmod.f90
pw.x               0000000000A3124E  becmod_mp_calbec_         118  becmod.f90
pw.x               0000000000812FB5  stres_us_                  78  stres_us.f90
pw.x               000000000080F933  stres_knl_                125  stres_knl.f90
pw.x               00000000005C9778  stress_                   153  stress.f90
pw.x               000000000058F6D4  run_pwscf_                233  run_pwscf.f90
pw.x               0000000000408043  MAIN__                     85  pwscf.f90
pw.x               0000000000407EA2  Unknown               Unknown  Unknown
libc-2.28.so       00001550B2AF6575  __libc_start_main     Unknown  Unknown
pw.x               0000000000407DAE  Unknown               Unknown  Unknown
forrtl: error (78): process killed (SIGTERM)
Image              PC                Routine            Line        Source             
pw.x               00000000010704DB  Unknown               Unknown  Unknown
libpthread-2.28.s  0000149F96A08CF0  Unknown               Unknown  Unknown
libmpi.so.12.0.0   0000149F972C68BC  Unknown               Unknown  Unknown
libmpi.so.12.0.0   0000149F972BAF47  Unknown               Unknown  Unknown
libmpi.so.12.0.0   0000149F971DF188  Unknown               Unknown  Unknown
libmpi.so.12.0.0   0000149F971B3CA5  Unknown               Unknown  Unknown
libmpi.so.12.0.0   0000149F971937EC  Unknown               Unknown  Unknown
libmpi.so.12.0.0   0000149F972D6605  Unknown               Unknown  Unknown
libmpi.so.12.0.0   0000149F9716D664  MPI_Barrier           Unknown  Unknown
libmpifort.so.12.  0000149F9893527C  PMPI_BARRIER          Unknown  Unknown
pw.x               0000000000FC3039  reduce_base_real_          60  mp_base.f90
pw.x               0000000000FAE5D7  mp_mp_mp_sum_cm_         1758  mp.f90
pw.x               0000000000A34C0D  becmod_mp_calbec_         253  becmod.f90
pw.x               0000000000A3124E  becmod_mp_calbec_         118  becmod.f90
pw.x               0000000000812FB5  stres_us_                  78  stres_us.f90
pw.x               000000000080F933  stres_knl_                125  stres_knl.f90
pw.x               00000000005C9778  stress_                   153  stress.f90
pw.x               000000000058F6D4  run_pwscf_                233  run_pwscf.f90
pw.x               0000000000408043  MAIN__                     85  pwscf.f90
pw.x               0000000000407EA2  Unknown               Unknown  Unknown
libc-2.28.so       0000149F95EB1575  __libc_start_main     Unknown  Unknown
pw.x               0000000000407DAE  Unknown               Unknown  Unknown
forrtl: error (78): process killed (SIGTERM)
Image              PC                Routine            Line        Source             
pw.x               00000000010704DB  Unknown               Unknown  Unknown
libpthread-2.28.s  0000149AD5A20CF0  Unknown               Unknown  Unknown
libmpi.so.12.0.0   0000149AD62DE8C1  Unknown               Unknown  Unknown
libmpi.so.12.0.0   0000149AD62D2F47  Unknown               Unknown  Unknown
libmpi.so.12.0.0   0000149AD61F7188  Unknown               Unknown  Unknown
libmpi.so.12.0.0   0000149AD61CBCA5  Unknown               Unknown  Unknown
libmpi.so.12.0.0   0000149AD61AB7EC  Unknown               Unknown  Unknown
libmpi.so.12.0.0   0000149AD62EE605  Unknown               Unknown  Unknown
libmpi.so.12.0.0   0000149AD6185664  MPI_Barrier           Unknown  Unknown
libmpifort.so.12.  0000149AD794D27C  PMPI_BARRIER          Unknown  Unknown
pw.x               0000000000FC3039  reduce_base_real_          60  mp_base.f90
pw.x               0000000000FAE5D7  mp_mp_mp_sum_cm_         1758  mp.f90
pw.x               0000000000A34C0D  becmod_mp_calbec_         253  becmod.f90
pw.x               0000000000A3124E  becmod_mp_calbec_         118  becmod.f90
pw.x               0000000000812FB5  stres_us_                  78  stres_us.f90
pw.x               000000000080F933  stres_knl_                125  stres_knl.f90
pw.x               00000000005C9778  stress_                   153  stress.f90
pw.x               000000000058F6D4  run_pwscf_                233  run_pwscf.f90
pw.x               0000000000408043  MAIN__                     85  pwscf.f90
pw.x               0000000000407EA2  Unknown               Unknown  Unknown
libc-2.28.so       0000149AD4EC9575  __libc_start_main     Unknown  Unknown
pw.x               0000000000407DAE  Unknown               Unknown  Unknown
forrtl: error (78): process killed (SIGTERM)
Image              PC                Routine            Line        Source             
pw.x               00000000010704DB  Unknown               Unknown  Unknown
libpthread-2.28.s  000015294B791CF0  Unknown               Unknown  Unknown
libmpi.so.12.0.0   000015294C04F8BC  Unknown               Unknown  Unknown
libmpi.so.12.0.0   000015294C043F47  Unknown               Unknown  Unknown
libmpi.so.12.0.0   000015294BF68188  Unknown               Unknown  Unknown
libmpi.so.12.0.0   000015294BF3CCA5  Unknown               Unknown  Unknown
libmpi.so.12.0.0   000015294BF1C7EC  Unknown               Unknown  Unknown
libmpi.so.12.0.0   000015294C05F605  Unknown               Unknown  Unknown
libmpi.so.12.0.0   000015294BEF6664  MPI_Barrier           Unknown  Unknown
libmpifort.so.12.  000015294D6BE27C  PMPI_BARRIER          Unknown  Unknown
pw.x               0000000000FC3039  reduce_base_real_          60  mp_base.f90
pw.x               0000000000FAE5D7  mp_mp_mp_sum_cm_         1758  mp.f90
pw.x               0000000000A34C0D  becmod_mp_calbec_         253  becmod.f90
pw.x               0000000000A3124E  becmod_mp_calbec_         118  becmod.f90
pw.x               0000000000812FB5  stres_us_                  78  stres_us.f90
pw.x               000000000080F933  stres_knl_                125  stres_knl.f90
pw.x               00000000005C9778  stress_                   153  stress.f90
pw.x               000000000058F6D4  run_pwscf_                233  run_pwscf.f90
pw.x               0000000000408043  MAIN__                     85  pwscf.f90
pw.x               0000000000407EA2  Unknown               Unknown  Unknown
libc-2.28.so       000015294AC3A575  __libc_start_main     Unknown  Unknown
pw.x               0000000000407DAE  Unknown               Unknown  Unknown
forrtl: error (78): process killed (SIGTERM)
Image              PC                Routine            Line        Source             
pw.x               00000000010704DB  Unknown               Unknown  Unknown
libpthread-2.28.s  000014D03E483CF0  Unknown               Unknown  Unknown
libmpi.so.12.0.0   000014D03ED418BC  Unknown               Unknown  Unknown
libmpi.so.12.0.0   000014D03ED35F47  Unknown               Unknown  Unknown
libmpi.so.12.0.0   000014D03EC5A188  Unknown               Unknown  Unknown
libmpi.so.12.0.0   000014D03EC2ECA5  Unknown               Unknown  Unknown
libmpi.so.12.0.0   000014D03EC0E7EC  Unknown               Unknown  Unknown
libmpi.so.12.0.0   000014D03ED51605  Unknown               Unknown  Unknown
libmpi.so.12.0.0   000014D03EBE8664  MPI_Barrier           Unknown  Unknown
libmpifort.so.12.  000014D0403B027C  PMPI_BARRIER          Unknown  Unknown
pw.x               0000000000FC3039  reduce_base_real_          60  mp_base.f90
pw.x               0000000000FAE5D7  mp_mp_mp_sum_cm_         1758  mp.f90
pw.x               0000000000A34C0D  becmod_mp_calbec_         253  becmod.f90
pw.x               0000000000A3124E  becmod_mp_calbec_         118  becmod.f90
pw.x               0000000000812FB5  stres_us_                  78  stres_us.f90
pw.x               000000000080F933  stres_knl_                125  stres_knl.f90
pw.x               00000000005C9778  stress_                   153  stress.f90
pw.x               000000000058F6D4  run_pwscf_                233  run_pwscf.f90
pw.x               0000000000408043  MAIN__                     85  pwscf.f90
pw.x               0000000000407EA2  Unknown               Unknown  Unknown
libc-2.28.so       000014D03D92C575  __libc_start_main     Unknown  Unknown
pw.x               0000000000407DAE  Unknown               Unknown  Unknown
forrtl: error (78): process killed (SIGTERM)
Image              PC                Routine            Line        Source             
pw.x               00000000010704DB  Unknown               Unknown  Unknown
libpthread-2.28.s  000014EDB8434CF0  Unknown               Unknown  Unknown
libmpi.so.12.0.0   000014EDB8CF28BC  Unknown               Unknown  Unknown
libmpi.so.12.0.0   000014EDB8CE6F47  Unknown               Unknown  Unknown
libmpi.so.12.0.0   000014EDB8C0B188  Unknown               Unknown  Unknown
libmpi.so.12.0.0   000014EDB8BDFCA5  Unknown               Unknown  Unknown
libmpi.so.12.0.0   000014EDB8BBF7EC  Unknown               Unknown  Unknown
libmpi.so.12.0.0   000014EDB8D02605  Unknown               Unknown  Unknown
libmpi.so.12.0.0   000014EDB8B99664  MPI_Barrier           Unknown  Unknown
libmpifort.so.12.  000014EDBA36127C  PMPI_BARRIER          Unknown  Unknown
pw.x               0000000000FC3039  reduce_base_real_          60  mp_base.f90
pw.x               0000000000FAE5D7  mp_mp_mp_sum_cm_         1758  mp.f90
pw.x               0000000000A34C0D  becmod_mp_calbec_         253  becmod.f90
pw.x               0000000000A3124E  becmod_mp_calbec_         118  becmod.f90
pw.x               0000000000812FB5  stres_us_                  78  stres_us.f90
pw.x               000000000080F933  stres_knl_                125  stres_knl.f90
pw.x               00000000005C9778  stress_                   153  stress.f90
pw.x               000000000058F6D4  run_pwscf_                233  run_pwscf.f90
pw.x               0000000000408043  MAIN__                     85  pwscf.f90
pw.x               0000000000407EA2  Unknown               Unknown  Unknown
libc-2.28.so       000014EDB78DD575  __libc_start_main     Unknown  Unknown
pw.x               0000000000407DAE  Unknown               Unknown  Unknown
forrtl: error (78): process killed (SIGTERM)
Image              PC                Routine            Line        Source             
pw.x               00000000010704DB  Unknown               Unknown  Unknown
libpthread-2.28.s  0000147CAFEC5CF0  Unknown               Unknown  Unknown
libmpi.so.12.0.0   0000147CB07838BC  Unknown               Unknown  Unknown
libmpi.so.12.0.0   0000147CB0777F47  Unknown               Unknown  Unknown
libmpi.so.12.0.0   0000147CB069C188  Unknown               Unknown  Unknown
libmpi.so.12.0.0   0000147CB0670CA5  Unknown               Unknown  Unknown
libmpi.so.12.0.0   0000147CB06507EC  Unknown               Unknown  Unknown
libmpi.so.12.0.0   0000147CB0793605  Unknown               Unknown  Unknown
libmpi.so.12.0.0   0000147CB062A664  MPI_Barrier           Unknown  Unknown
libmpifort.so.12.  0000147CB1DF227C  PMPI_BARRIER          Unknown  Unknown
pw.x               0000000000FC3039  reduce_base_real_          60  mp_base.f90
pw.x               0000000000FAE5D7  mp_mp_mp_sum_cm_         1758  mp.f90
pw.x               0000000000A34C0D  becmod_mp_calbec_         253  becmod.f90
pw.x               0000000000A3124E  becmod_mp_calbec_         118  becmod.f90
pw.x               0000000000812FB5  stres_us_                  78  stres_us.f90
pw.x               000000000080F933  stres_knl_                125  stres_knl.f90
pw.x               00000000005C9778  stress_                   153  stress.f90
pw.x               000000000058F6D4  run_pwscf_                233  run_pwscf.f90
pw.x               0000000000408043  MAIN__                     85  pwscf.f90
pw.x               0000000000407EA2  Unknown               Unknown  Unknown
libc-2.28.so       0000147CAF36E575  __libc_start_main     Unknown  Unknown
pw.x               0000000000407DAE  Unknown               Unknown  Unknown
forrtl: error (78): process killed (SIGTERM)
Image              PC                Routine            Line        Source             
pw.x               00000000010704DB  Unknown               Unknown  Unknown
libpthread-2.28.s  0000150FA6F8FCF0  Unknown               Unknown  Unknown
libmpi.so.12.0.0   0000150FA784D8BC  Unknown               Unknown  Unknown
libmpi.so.12.0.0   0000150FA7841F47  Unknown               Unknown  Unknown
libmpi.so.12.0.0   0000150FA7766188  Unknown               Unknown  Unknown
libmpi.so.12.0.0   0000150FA773ACA5  Unknown               Unknown  Unknown
libmpi.so.12.0.0   0000150FA771A7EC  Unknown               Unknown  Unknown
libmpi.so.12.0.0   0000150FA785D605  Unknown               Unknown  Unknown
libmpi.so.12.0.0   0000150FA76F4664  MPI_Barrier           Unknown  Unknown
libmpifort.so.12.  0000150FA8EBC27C  PMPI_BARRIER          Unknown  Unknown
pw.x               0000000000FC3039  reduce_base_real_          60  mp_base.f90
pw.x               0000000000FAE5D7  mp_mp_mp_sum_cm_         1758  mp.f90
pw.x               0000000000A34C0D  becmod_mp_calbec_         253  becmod.f90
pw.x               0000000000A3124E  becmod_mp_calbec_         118  becmod.f90
pw.x               0000000000812FB5  stres_us_                  78  stres_us.f90
pw.x               000000000080F933  stres_knl_                125  stres_knl.f90
pw.x               00000000005C9778  stress_                   153  stress.f90
pw.x               000000000058F6D4  run_pwscf_                233  run_pwscf.f90
pw.x               0000000000408043  MAIN__                     85  pwscf.f90
pw.x               0000000000407EA2  Unknown               Unknown  Unknown
libc-2.28.so       0000150FA6438575  __libc_start_main     Unknown  Unknown
pw.x               0000000000407DAE  Unknown               Unknown  Unknown
